<?xml version="1.0" encoding="UTF-8"?>
<testng-results ignored="0" total="20" passed="16" failed="4" skipped="0">
  <reporter-output>
  </reporter-output>
  <suite started-at="2021-03-03T17:06:25 CET" name="AllRedirectionTests" finished-at="2021-03-03T17:09:09 CET" duration-ms="163411">
    <groups>
    </groups>
    <test started-at="2021-03-03T17:06:25 CET" name="redirectionsBenefitsToHomepage" finished-at="2021-03-03T17:06:41 CET" duration-ms="15573">
      <class name="com.zoomev.redirectiontests.RedirectionTests">
        <test-method is-config="true" signature="setUp(java.lang.String)[pri:0, instance:com.zoomev.redirectiontests.RedirectionTests@159f197]" started-at="2021-03-03T17:06:25 CET" name="setUp" finished-at="2021-03-03T17:06:29 CET" duration-ms="3573" status="PASS">
          <params>
            <param index="0">
              <value>
                <![CDATA[chrome]]>
              </value>
            </param>
          </params>
          <reporter-output>
          </reporter-output>
        </test-method> <!-- setUp -->
        <test-method signature="redirection(java.lang.String, java.lang.String, java.lang.String, java.lang.String)[pri:0, instance:com.zoomev.redirectiontests.RedirectionTests@159f197]" started-at="2021-03-03T17:06:29 CET" name="redirection" finished-at="2021-03-03T17:06:40 CET" duration-ms="11352" status="PASS">
          <params>
            <param index="0">
              <value>
                <![CDATA[https://dev.zoom-ev.com/ev-benefits]]>
              </value>
            </param>
            <param index="1">
              <value>
                <![CDATA[https://dev.zoom-ev.com/]]>
              </value>
            </param>
            <param index="2">
              <value>
                <![CDATA[//img[@alt='zoom logo colour long']]]>
              </value>
            </param>
            <param index="3">
              <value>
                <![CDATA[ZoomEV - Home]]>
              </value>
            </param>
          </params>
          <reporter-output>
          </reporter-output>
        </test-method> <!-- redirection -->
        <test-method is-config="true" signature="tearDown()[pri:0, instance:com.zoomev.redirectiontests.RedirectionTests@159f197]" started-at="2021-03-03T17:06:40 CET" name="tearDown" finished-at="2021-03-03T17:06:41 CET" duration-ms="621" status="PASS">
          <reporter-output>
          </reporter-output>
        </test-method> <!-- tearDown -->
      </class> <!-- com.zoomev.redirectiontests.RedirectionTests -->
    </test> <!-- redirectionsBenefitsToHomepage -->
    <test started-at="2021-03-03T17:06:41 CET" name="redirectionsBenefitsToRent" finished-at="2021-03-03T17:06:50 CET" duration-ms="8617">
      <class name="com.zoomev.redirectiontests.RedirectionTests">
        <test-method is-config="true" signature="setUp(java.lang.String)[pri:0, instance:com.zoomev.redirectiontests.RedirectionTests@7f552bd3]" started-at="2021-03-03T17:06:41 CET" name="setUp" finished-at="2021-03-03T17:06:44 CET" duration-ms="3043" status="PASS">
          <params>
            <param index="0">
              <value>
                <![CDATA[chrome]]>
              </value>
            </param>
          </params>
          <reporter-output>
          </reporter-output>
        </test-method> <!-- setUp -->
        <test-method signature="redirection(java.lang.String, java.lang.String, java.lang.String, java.lang.String)[pri:0, instance:com.zoomev.redirectiontests.RedirectionTests@7f552bd3]" started-at="2021-03-03T17:06:44 CET" name="redirection" finished-at="2021-03-03T17:06:49 CET" duration-ms="4966" status="PASS">
          <params>
            <param index="0">
              <value>
                <![CDATA[https://dev.zoom-ev.com/ev-benefits]]>
              </value>
            </param>
            <param index="1">
              <value>
                <![CDATA[https://dev.zoom-ev.com/rent-ev]]>
              </value>
            </param>
            <param index="2">
              <value>
                <![CDATA[//a[contains(@class, 'StyledLinkstyled__Link-sc-1q9nco8-2') and text() = 'Rent an EV']]]>
              </value>
            </param>
            <param index="3">
              <value>
                <![CDATA[ZoomEV - Rent EV]]>
              </value>
            </param>
          </params>
          <reporter-output>
          </reporter-output>
        </test-method> <!-- redirection -->
        <test-method is-config="true" signature="tearDown()[pri:0, instance:com.zoomev.redirectiontests.RedirectionTests@7f552bd3]" started-at="2021-03-03T17:06:49 CET" name="tearDown" finished-at="2021-03-03T17:06:50 CET" duration-ms="607" status="PASS">
          <reporter-output>
          </reporter-output>
        </test-method> <!-- tearDown -->
      </class> <!-- com.zoomev.redirectiontests.RedirectionTests -->
    </test> <!-- redirectionsBenefitsToRent -->
    <test started-at="2021-03-03T17:06:50 CET" name="redirectionsBenefitsToLend" finished-at="2021-03-03T17:06:58 CET" duration-ms="8706">
      <class name="com.zoomev.redirectiontests.RedirectionTests">
        <test-method is-config="true" signature="setUp(java.lang.String)[pri:0, instance:com.zoomev.redirectiontests.RedirectionTests@1b1473ab]" started-at="2021-03-03T17:06:50 CET" name="setUp" finished-at="2021-03-03T17:06:53 CET" duration-ms="3161" status="PASS">
          <params>
            <param index="0">
              <value>
                <![CDATA[chrome]]>
              </value>
            </param>
          </params>
          <reporter-output>
          </reporter-output>
        </test-method> <!-- setUp -->
        <test-method signature="redirection(java.lang.String, java.lang.String, java.lang.String, java.lang.String)[pri:0, instance:com.zoomev.redirectiontests.RedirectionTests@1b1473ab]" started-at="2021-03-03T17:06:53 CET" name="redirection" finished-at="2021-03-03T17:06:58 CET" duration-ms="4950" status="PASS">
          <params>
            <param index="0">
              <value>
                <![CDATA[https://dev.zoom-ev.com/ev-benefits]]>
              </value>
            </param>
            <param index="1">
              <value>
                <![CDATA[https://dev.zoom-ev.com/lend-an-ev]]>
              </value>
            </param>
            <param index="2">
              <value>
                <![CDATA[//a[contains(@class, 'StyledLinkstyled__Link-sc-1q9nco8-2') and text() = 'Lend your EV']]]>
              </value>
            </param>
            <param index="3">
              <value>
                <![CDATA[ZoomEV - Lend an EV]]>
              </value>
            </param>
          </params>
          <reporter-output>
          </reporter-output>
        </test-method> <!-- redirection -->
        <test-method is-config="true" signature="tearDown()[pri:0, instance:com.zoomev.redirectiontests.RedirectionTests@1b1473ab]" started-at="2021-03-03T17:06:58 CET" name="tearDown" finished-at="2021-03-03T17:06:58 CET" duration-ms="592" status="PASS">
          <reporter-output>
          </reporter-output>
        </test-method> <!-- tearDown -->
      </class> <!-- com.zoomev.redirectiontests.RedirectionTests -->
    </test> <!-- redirectionsBenefitsToLend -->
    <test started-at="2021-03-03T17:06:58 CET" name="redirectionsBenefitsToAboutUs" finished-at="2021-03-03T17:07:07 CET" duration-ms="8768">
      <class name="com.zoomev.redirectiontests.RedirectionTests">
        <test-method is-config="true" signature="setUp(java.lang.String)[pri:0, instance:com.zoomev.redirectiontests.RedirectionTests@1c93084c]" started-at="2021-03-03T17:06:58 CET" name="setUp" finished-at="2021-03-03T17:07:01 CET" duration-ms="3067" status="PASS">
          <params>
            <param index="0">
              <value>
                <![CDATA[chrome]]>
              </value>
            </param>
          </params>
          <reporter-output>
          </reporter-output>
        </test-method> <!-- setUp -->
        <test-method signature="redirection(java.lang.String, java.lang.String, java.lang.String, java.lang.String)[pri:0, instance:com.zoomev.redirectiontests.RedirectionTests@1c93084c]" started-at="2021-03-03T17:07:01 CET" name="redirection" finished-at="2021-03-03T17:07:06 CET" duration-ms="4355" status="PASS">
          <params>
            <param index="0">
              <value>
                <![CDATA[https://dev.zoom-ev.com/ev-benefits]]>
              </value>
            </param>
            <param index="1">
              <value>
                <![CDATA[https://dev.zoom-ev.com/about-us]]>
              </value>
            </param>
            <param index="2">
              <value>
                <![CDATA[//a[contains(@class, 'StyledLinkstyled__Link-sc-1q9nco8-2') and text() = 'About us']]]>
              </value>
            </param>
            <param index="3">
              <value>
                <![CDATA[ZoomEV - About us]]>
              </value>
            </param>
          </params>
          <reporter-output>
          </reporter-output>
        </test-method> <!-- redirection -->
        <test-method is-config="true" signature="tearDown()[pri:0, instance:com.zoomev.redirectiontests.RedirectionTests@1c93084c]" started-at="2021-03-03T17:07:06 CET" name="tearDown" finished-at="2021-03-03T17:07:07 CET" duration-ms="1343" status="PASS">
          <reporter-output>
          </reporter-output>
        </test-method> <!-- tearDown -->
      </class> <!-- com.zoomev.redirectiontests.RedirectionTests -->
    </test> <!-- redirectionsBenefitsToAboutUs -->
    <test started-at="2021-03-03T17:07:07 CET" name="redirectionsBenefitsToLogin" finished-at="2021-03-03T17:07:12 CET" duration-ms="4973">
      <class name="com.zoomev.redirectiontests.RedirectionTests">
        <test-method is-config="true" signature="setUp(java.lang.String)[pri:0, instance:com.zoomev.redirectiontests.RedirectionTests@69b2283a]" started-at="2021-03-03T17:07:07 CET" name="setUp" finished-at="2021-03-03T17:07:10 CET" duration-ms="3118" status="PASS">
          <params>
            <param index="0">
              <value>
                <![CDATA[chrome]]>
              </value>
            </param>
          </params>
          <reporter-output>
          </reporter-output>
        </test-method> <!-- setUp -->
        <test-method signature="redirection(java.lang.String, java.lang.String, java.lang.String, java.lang.String)[pri:0, instance:com.zoomev.redirectiontests.RedirectionTests@69b2283a]" started-at="2021-03-03T17:07:10 CET" name="redirection" finished-at="2021-03-03T17:07:12 CET" duration-ms="1252" status="FAIL">
          <params>
            <param index="0">
              <value>
                <![CDATA[https://dev.zoom-ev.com/ev-benefits]]>
              </value>
            </param>
            <param index="1">
              <value>
                <![CDATA[https://dev.zoom-ev.com/auth/login]]>
              </value>
            </param>
            <param index="2">
              <value>
                <![CDATA[//a[contains(@class, 'Buttonstyled__StyledButton-bgtx2p-2') and text() = 'Register / Log in']]]>
              </value>
            </param>
            <param index="3">
              <value>
                <![CDATA[ZoomEV - Login]]>
              </value>
            </param>
          </params>
          <exception class="org.openqa.selenium.NoSuchElementException">
            <message>
              <![CDATA[no such element: Unable to locate element: {"method":"xpath","selector":"//a[contains(@class, 'Buttonstyled__StyledButton-bgtx2p-2') and text() = 'Register / Log in']"}
  (Session info: chrome=88.0.4324.190)
For documentation on this error, please visit: https://www.seleniumhq.org/exceptions/no_such_element.html
Build info: version: '3.141.59', revision: 'e82be7d358', time: '2018-11-14T08:17:03'
System info: host: 'DESKTOP-B4F1N8E', ip: '192.168.1.20', os.name: 'Windows 10', os.arch: 'amd64', os.version: '10.0', java.version: '15.0.1'
Driver info: org.openqa.selenium.chrome.ChromeDriver
Capabilities {acceptInsecureCerts: false, browserName: chrome, browserVersion: 88.0.4324.190, chrome: {chromedriverVersion: 87.0.4280.88 (89e2380a3e36c..., userDataDir: C:\Users\micha\AppData\Loca...}, goog:chromeOptions: {debuggerAddress: localhost:64719}, javascriptEnabled: true, networkConnectionEnabled: false, pageLoadStrategy: normal, platform: WINDOWS, platformName: WINDOWS, proxy: Proxy(), setWindowRect: true, strictFileInteractability: false, timeouts: {implicit: 0, pageLoad: 300000, script: 30000}, unhandledPromptBehavior: dismiss and notify, webauthn:virtualAuthenticators: true}
Session ID: 1c28b4e2b8eab67543aee6350587d585
*** Element info: {Using=xpath, value=//a[contains(@class, 'Buttonstyled__StyledButton-bgtx2p-2') and text() = 'Register / Log in']}]]>
            </message>
            <full-stacktrace>
              <![CDATA[org.openqa.selenium.NoSuchElementException: no such element: Unable to locate element: {"method":"xpath","selector":"//a[contains(@class, 'Buttonstyled__StyledButton-bgtx2p-2') and text() = 'Register / Log in']"}
  (Session info: chrome=88.0.4324.190)
For documentation on this error, please visit: https://www.seleniumhq.org/exceptions/no_such_element.html
Build info: version: '3.141.59', revision: 'e82be7d358', time: '2018-11-14T08:17:03'
System info: host: 'DESKTOP-B4F1N8E', ip: '192.168.1.20', os.name: 'Windows 10', os.arch: 'amd64', os.version: '10.0', java.version: '15.0.1'
Driver info: org.openqa.selenium.chrome.ChromeDriver
Capabilities {acceptInsecureCerts: false, browserName: chrome, browserVersion: 88.0.4324.190, chrome: {chromedriverVersion: 87.0.4280.88 (89e2380a3e36c..., userDataDir: C:\Users\micha\AppData\Loca...}, goog:chromeOptions: {debuggerAddress: localhost:64719}, javascriptEnabled: true, networkConnectionEnabled: false, pageLoadStrategy: normal, platform: WINDOWS, platformName: WINDOWS, proxy: Proxy(), setWindowRect: true, strictFileInteractability: false, timeouts: {implicit: 0, pageLoad: 300000, script: 30000}, unhandledPromptBehavior: dismiss and notify, webauthn:virtualAuthenticators: true}
Session ID: 1c28b4e2b8eab67543aee6350587d585
*** Element info: {Using=xpath, value=//a[contains(@class, 'Buttonstyled__StyledButton-bgtx2p-2') and text() = 'Register / Log in']}
at java.base/jdk.internal.reflect.NativeConstructorAccessorImpl.newInstance0(Native Method)
at java.base/jdk.internal.reflect.NativeConstructorAccessorImpl.newInstance(NativeConstructorAccessorImpl.java:64)
at java.base/jdk.internal.reflect.DelegatingConstructorAccessorImpl.newInstance(DelegatingConstructorAccessorImpl.java:45)
at java.base/java.lang.reflect.Constructor.newInstanceWithCaller(Constructor.java:500)
at java.base/java.lang.reflect.Constructor.newInstance(Constructor.java:481)
at org.openqa.selenium.remote.http.W3CHttpResponseCodec.createException(W3CHttpResponseCodec.java:187)
at org.openqa.selenium.remote.http.W3CHttpResponseCodec.decode(W3CHttpResponseCodec.java:122)
at org.openqa.selenium.remote.http.W3CHttpResponseCodec.decode(W3CHttpResponseCodec.java:49)
at org.openqa.selenium.remote.HttpCommandExecutor.execute(HttpCommandExecutor.java:158)
at org.openqa.selenium.remote.service.DriverCommandExecutor.execute(DriverCommandExecutor.java:83)
at org.openqa.selenium.remote.RemoteWebDriver.execute(RemoteWebDriver.java:552)
at org.openqa.selenium.remote.RemoteWebDriver.findElement(RemoteWebDriver.java:323)
at org.openqa.selenium.remote.RemoteWebDriver.findElementByXPath(RemoteWebDriver.java:428)
at org.openqa.selenium.By$ByXPath.findElement(By.java:353)
at org.openqa.selenium.remote.RemoteWebDriver.findElement(RemoteWebDriver.java:315)
at com.zoomev.redirectiontests.RedirectionTests.redirection(RedirectionTests.java:24)
at java.base/jdk.internal.reflect.NativeMethodAccessorImpl.invoke0(Native Method)
at java.base/jdk.internal.reflect.NativeMethodAccessorImpl.invoke(NativeMethodAccessorImpl.java:64)
at java.base/jdk.internal.reflect.DelegatingMethodAccessorImpl.invoke(DelegatingMethodAccessorImpl.java:43)
at java.base/java.lang.reflect.Method.invoke(Method.java:564)
at org.testng.internal.MethodInvocationHelper.invokeMethod(MethodInvocationHelper.java:132)
at org.testng.internal.TestInvoker.invokeMethod(TestInvoker.java:599)
at org.testng.internal.TestInvoker.invokeTestMethod(TestInvoker.java:174)
at org.testng.internal.MethodRunner.runInSequence(MethodRunner.java:46)
at org.testng.internal.TestInvoker$MethodInvocationAgent.invoke(TestInvoker.java:822)
at org.testng.internal.TestInvoker.invokeTestMethods(TestInvoker.java:147)
at org.testng.internal.TestMethodWorker.invokeTestMethods(TestMethodWorker.java:146)
at org.testng.internal.TestMethodWorker.run(TestMethodWorker.java:128)
at java.base/java.util.ArrayList.forEach(ArrayList.java:1511)
at org.testng.TestRunner.privateRun(TestRunner.java:764)
at org.testng.TestRunner.run(TestRunner.java:585)
at org.testng.SuiteRunner.runTest(SuiteRunner.java:384)
at org.testng.SuiteRunner.runSequentially(SuiteRunner.java:378)
at org.testng.SuiteRunner.privateRun(SuiteRunner.java:337)
at org.testng.SuiteRunner.run(SuiteRunner.java:286)
at org.testng.SuiteRunnerWorker.runSuite(SuiteRunnerWorker.java:53)
at org.testng.SuiteRunnerWorker.run(SuiteRunnerWorker.java:96)
at org.testng.TestNG.runSuitesSequentially(TestNG.java:1218)
at org.testng.TestNG.runSuitesLocally(TestNG.java:1140)
at org.testng.TestNG.runSuites(TestNG.java:1069)
at org.testng.TestNG.run(TestNG.java:1037)
at org.testng.remote.AbstractRemoteTestNG.run(AbstractRemoteTestNG.java:115)
at org.testng.remote.RemoteTestNG.initAndRun(RemoteTestNG.java:251)
at org.testng.remote.RemoteTestNG.main(RemoteTestNG.java:77)
]]>
            </full-stacktrace>
          </exception> <!-- org.openqa.selenium.NoSuchElementException -->
          <reporter-output>
          </reporter-output>
        </test-method> <!-- redirection -->
        <test-method is-config="true" signature="tearDown()[pri:0, instance:com.zoomev.redirectiontests.RedirectionTests@69b2283a]" started-at="2021-03-03T17:07:12 CET" name="tearDown" finished-at="2021-03-03T17:07:12 CET" duration-ms="599" status="PASS">
          <reporter-output>
          </reporter-output>
        </test-method> <!-- tearDown -->
      </class> <!-- com.zoomev.redirectiontests.RedirectionTests -->
    </test> <!-- redirectionsBenefitsToLogin -->
    <test started-at="2021-03-03T17:07:12 CET" name="redirectionsHomepageToBenefits" finished-at="2021-03-03T17:07:20 CET" duration-ms="8002">
      <class name="com.zoomev.redirectiontests.RedirectionTests">
        <test-method is-config="true" signature="setUp(java.lang.String)[pri:0, instance:com.zoomev.redirectiontests.RedirectionTests@35047d03]" started-at="2021-03-03T17:07:12 CET" name="setUp" finished-at="2021-03-03T17:07:15 CET" duration-ms="3134" status="PASS">
          <params>
            <param index="0">
              <value>
                <![CDATA[chrome]]>
              </value>
            </param>
          </params>
          <reporter-output>
          </reporter-output>
        </test-method> <!-- setUp -->
        <test-method signature="redirection(java.lang.String, java.lang.String, java.lang.String, java.lang.String)[pri:0, instance:com.zoomev.redirectiontests.RedirectionTests@35047d03]" started-at="2021-03-03T17:07:15 CET" name="redirection" finished-at="2021-03-03T17:07:20 CET" duration-ms="4243" status="PASS">
          <params>
            <param index="0">
              <value>
                <![CDATA[https://dev.zoom-ev.com/]]>
              </value>
            </param>
            <param index="1">
              <value>
                <![CDATA[https://dev.zoom-ev.com/ev-benefits]]>
              </value>
            </param>
            <param index="2">
              <value>
                <![CDATA[//a[contains(@class, 'StyledLinkstyled__Link-sc-1q9nco8-2') and text() = 'EV Benefits']]]>
              </value>
            </param>
            <param index="3">
              <value>
                <![CDATA[ZoomEV - EV Benefits]]>
              </value>
            </param>
          </params>
          <reporter-output>
          </reporter-output>
        </test-method> <!-- redirection -->
        <test-method is-config="true" signature="tearDown()[pri:0, instance:com.zoomev.redirectiontests.RedirectionTests@35047d03]" started-at="2021-03-03T17:07:20 CET" name="tearDown" finished-at="2021-03-03T17:07:20 CET" duration-ms="624" status="PASS">
          <reporter-output>
          </reporter-output>
        </test-method> <!-- tearDown -->
      </class> <!-- com.zoomev.redirectiontests.RedirectionTests -->
    </test> <!-- redirectionsHomepageToBenefits -->
    <test started-at="2021-03-03T17:07:20 CET" name="redirectionsHomepageToRent" finished-at="2021-03-03T17:07:29 CET" duration-ms="8631">
      <class name="com.zoomev.redirectiontests.RedirectionTests">
        <test-method is-config="true" signature="setUp(java.lang.String)[pri:0, instance:com.zoomev.redirectiontests.RedirectionTests@3ba9ad43]" started-at="2021-03-03T17:07:20 CET" name="setUp" finished-at="2021-03-03T17:07:23 CET" duration-ms="3131" status="PASS">
          <params>
            <param index="0">
              <value>
                <![CDATA[chrome]]>
              </value>
            </param>
          </params>
          <reporter-output>
          </reporter-output>
        </test-method> <!-- setUp -->
        <test-method signature="redirection(java.lang.String, java.lang.String, java.lang.String, java.lang.String)[pri:0, instance:com.zoomev.redirectiontests.RedirectionTests@3ba9ad43]" started-at="2021-03-03T17:07:23 CET" name="redirection" finished-at="2021-03-03T17:07:28 CET" duration-ms="4849" status="PASS">
          <params>
            <param index="0">
              <value>
                <![CDATA[https://dev.zoom-ev.com/]]>
              </value>
            </param>
            <param index="1">
              <value>
                <![CDATA[https://dev.zoom-ev.com/rent-ev]]>
              </value>
            </param>
            <param index="2">
              <value>
                <![CDATA[//a[contains(@class, 'StyledLinkstyled__Link-sc-1q9nco8-2') and text() = 'Rent an EV']]]>
              </value>
            </param>
            <param index="3">
              <value>
                <![CDATA[ZoomEV - Rent EV]]>
              </value>
            </param>
          </params>
          <reporter-output>
          </reporter-output>
        </test-method> <!-- redirection -->
        <test-method is-config="true" signature="tearDown()[pri:0, instance:com.zoomev.redirectiontests.RedirectionTests@3ba9ad43]" started-at="2021-03-03T17:07:28 CET" name="tearDown" finished-at="2021-03-03T17:07:29 CET" duration-ms="647" status="PASS">
          <reporter-output>
          </reporter-output>
        </test-method> <!-- tearDown -->
      </class> <!-- com.zoomev.redirectiontests.RedirectionTests -->
    </test> <!-- redirectionsHomepageToRent -->
    <test started-at="2021-03-03T17:07:29 CET" name="redirectionsHomepageToLend" finished-at="2021-03-03T17:07:38 CET" duration-ms="8803">
      <class name="com.zoomev.redirectiontests.RedirectionTests">
        <test-method is-config="true" signature="setUp(java.lang.String)[pri:0, instance:com.zoomev.redirectiontests.RedirectionTests@3c130745]" started-at="2021-03-03T17:07:29 CET" name="setUp" finished-at="2021-03-03T17:07:32 CET" duration-ms="3136" status="PASS">
          <params>
            <param index="0">
              <value>
                <![CDATA[chrome]]>
              </value>
            </param>
          </params>
          <reporter-output>
          </reporter-output>
        </test-method> <!-- setUp -->
        <test-method signature="redirection(java.lang.String, java.lang.String, java.lang.String, java.lang.String)[pri:0, instance:com.zoomev.redirectiontests.RedirectionTests@3c130745]" started-at="2021-03-03T17:07:32 CET" name="redirection" finished-at="2021-03-03T17:07:37 CET" duration-ms="5036" status="PASS">
          <params>
            <param index="0">
              <value>
                <![CDATA[https://dev.zoom-ev.com/]]>
              </value>
            </param>
            <param index="1">
              <value>
                <![CDATA[https://dev.zoom-ev.com/lend-an-ev]]>
              </value>
            </param>
            <param index="2">
              <value>
                <![CDATA[//a[contains(@class, 'StyledLinkstyled__Link-sc-1q9nco8-2') and text() = 'Lend your EV']]]>
              </value>
            </param>
            <param index="3">
              <value>
                <![CDATA[ZoomEV - Lend an EV]]>
              </value>
            </param>
          </params>
          <reporter-output>
          </reporter-output>
        </test-method> <!-- redirection -->
        <test-method is-config="true" signature="tearDown()[pri:0, instance:com.zoomev.redirectiontests.RedirectionTests@3c130745]" started-at="2021-03-03T17:07:37 CET" name="tearDown" finished-at="2021-03-03T17:07:38 CET" duration-ms="629" status="PASS">
          <reporter-output>
          </reporter-output>
        </test-method> <!-- tearDown -->
      </class> <!-- com.zoomev.redirectiontests.RedirectionTests -->
    </test> <!-- redirectionsHomepageToLend -->
    <test started-at="2021-03-03T17:07:38 CET" name="redirectionsHomepageToAboutUs" finished-at="2021-03-03T17:07:46 CET" duration-ms="7912">
      <class name="com.zoomev.redirectiontests.RedirectionTests">
        <test-method is-config="true" signature="setUp(java.lang.String)[pri:0, instance:com.zoomev.redirectiontests.RedirectionTests@1622f1b]" started-at="2021-03-03T17:07:38 CET" name="setUp" finished-at="2021-03-03T17:07:41 CET" duration-ms="3138" status="PASS">
          <params>
            <param index="0">
              <value>
                <![CDATA[chrome]]>
              </value>
            </param>
          </params>
          <reporter-output>
          </reporter-output>
        </test-method> <!-- setUp -->
        <test-method signature="redirection(java.lang.String, java.lang.String, java.lang.String, java.lang.String)[pri:0, instance:com.zoomev.redirectiontests.RedirectionTests@1622f1b]" started-at="2021-03-03T17:07:41 CET" name="redirection" finished-at="2021-03-03T17:07:45 CET" duration-ms="4150" status="PASS">
          <params>
            <param index="0">
              <value>
                <![CDATA[https://dev.zoom-ev.com/]]>
              </value>
            </param>
            <param index="1">
              <value>
                <![CDATA[https://dev.zoom-ev.com/about-us]]>
              </value>
            </param>
            <param index="2">
              <value>
                <![CDATA[//a[contains(@class, 'StyledLinkstyled__Link-sc-1q9nco8-2') and text() = 'About us']]]>
              </value>
            </param>
            <param index="3">
              <value>
                <![CDATA[ZoomEV - About us]]>
              </value>
            </param>
          </params>
          <reporter-output>
          </reporter-output>
        </test-method> <!-- redirection -->
        <test-method is-config="true" signature="tearDown()[pri:0, instance:com.zoomev.redirectiontests.RedirectionTests@1622f1b]" started-at="2021-03-03T17:07:45 CET" name="tearDown" finished-at="2021-03-03T17:07:46 CET" duration-ms="621" status="PASS">
          <reporter-output>
          </reporter-output>
        </test-method> <!-- tearDown -->
      </class> <!-- com.zoomev.redirectiontests.RedirectionTests -->
    </test> <!-- redirectionsHomepageToAboutUs -->
    <test started-at="2021-03-03T17:07:46 CET" name="redirectionsHomepageToLogin" finished-at="2021-03-03T17:07:51 CET" duration-ms="4995">
      <class name="com.zoomev.redirectiontests.RedirectionTests">
        <test-method is-config="true" signature="setUp(java.lang.String)[pri:0, instance:com.zoomev.redirectiontests.RedirectionTests@5a63f509]" started-at="2021-03-03T17:07:46 CET" name="setUp" finished-at="2021-03-03T17:07:49 CET" duration-ms="3078" status="PASS">
          <params>
            <param index="0">
              <value>
                <![CDATA[chrome]]>
              </value>
            </param>
          </params>
          <reporter-output>
          </reporter-output>
        </test-method> <!-- setUp -->
        <test-method signature="redirection(java.lang.String, java.lang.String, java.lang.String, java.lang.String)[pri:0, instance:com.zoomev.redirectiontests.RedirectionTests@5a63f509]" started-at="2021-03-03T17:07:49 CET" name="redirection" finished-at="2021-03-03T17:07:50 CET" duration-ms="1232" status="FAIL">
          <params>
            <param index="0">
              <value>
                <![CDATA[https://dev.zoom-ev.com]]>
              </value>
            </param>
            <param index="1">
              <value>
                <![CDATA[https://dev.zoom-ev.com/auth/login]]>
              </value>
            </param>
            <param index="2">
              <value>
                <![CDATA[//a[contains(@class, 'Buttonstyled__StyledButton-bgtx2p-2') and text() = 'Register / Log in']]]>
              </value>
            </param>
            <param index="3">
              <value>
                <![CDATA[ZoomEV - Login]]>
              </value>
            </param>
          </params>
          <exception class="org.openqa.selenium.NoSuchElementException">
            <message>
              <![CDATA[no such element: Unable to locate element: {"method":"xpath","selector":"//a[contains(@class, 'Buttonstyled__StyledButton-bgtx2p-2') and text() = 'Register / Log in']"}
  (Session info: chrome=88.0.4324.190)
For documentation on this error, please visit: https://www.seleniumhq.org/exceptions/no_such_element.html
Build info: version: '3.141.59', revision: 'e82be7d358', time: '2018-11-14T08:17:03'
System info: host: 'DESKTOP-B4F1N8E', ip: '192.168.1.20', os.name: 'Windows 10', os.arch: 'amd64', os.version: '10.0', java.version: '15.0.1'
Driver info: org.openqa.selenium.chrome.ChromeDriver
Capabilities {acceptInsecureCerts: false, browserName: chrome, browserVersion: 88.0.4324.190, chrome: {chromedriverVersion: 87.0.4280.88 (89e2380a3e36c..., userDataDir: C:\Users\micha\AppData\Loca...}, goog:chromeOptions: {debuggerAddress: localhost:64904}, javascriptEnabled: true, networkConnectionEnabled: false, pageLoadStrategy: normal, platform: WINDOWS, platformName: WINDOWS, proxy: Proxy(), setWindowRect: true, strictFileInteractability: false, timeouts: {implicit: 0, pageLoad: 300000, script: 30000}, unhandledPromptBehavior: dismiss and notify, webauthn:virtualAuthenticators: true}
Session ID: 80eb232ca7a52e5fb6a11f5953727604
*** Element info: {Using=xpath, value=//a[contains(@class, 'Buttonstyled__StyledButton-bgtx2p-2') and text() = 'Register / Log in']}]]>
            </message>
            <full-stacktrace>
              <![CDATA[org.openqa.selenium.NoSuchElementException: no such element: Unable to locate element: {"method":"xpath","selector":"//a[contains(@class, 'Buttonstyled__StyledButton-bgtx2p-2') and text() = 'Register / Log in']"}
  (Session info: chrome=88.0.4324.190)
For documentation on this error, please visit: https://www.seleniumhq.org/exceptions/no_such_element.html
Build info: version: '3.141.59', revision: 'e82be7d358', time: '2018-11-14T08:17:03'
System info: host: 'DESKTOP-B4F1N8E', ip: '192.168.1.20', os.name: 'Windows 10', os.arch: 'amd64', os.version: '10.0', java.version: '15.0.1'
Driver info: org.openqa.selenium.chrome.ChromeDriver
Capabilities {acceptInsecureCerts: false, browserName: chrome, browserVersion: 88.0.4324.190, chrome: {chromedriverVersion: 87.0.4280.88 (89e2380a3e36c..., userDataDir: C:\Users\micha\AppData\Loca...}, goog:chromeOptions: {debuggerAddress: localhost:64904}, javascriptEnabled: true, networkConnectionEnabled: false, pageLoadStrategy: normal, platform: WINDOWS, platformName: WINDOWS, proxy: Proxy(), setWindowRect: true, strictFileInteractability: false, timeouts: {implicit: 0, pageLoad: 300000, script: 30000}, unhandledPromptBehavior: dismiss and notify, webauthn:virtualAuthenticators: true}
Session ID: 80eb232ca7a52e5fb6a11f5953727604
*** Element info: {Using=xpath, value=//a[contains(@class, 'Buttonstyled__StyledButton-bgtx2p-2') and text() = 'Register / Log in']}
at java.base/jdk.internal.reflect.NativeConstructorAccessorImpl.newInstance0(Native Method)
at java.base/jdk.internal.reflect.NativeConstructorAccessorImpl.newInstance(NativeConstructorAccessorImpl.java:64)
at java.base/jdk.internal.reflect.DelegatingConstructorAccessorImpl.newInstance(DelegatingConstructorAccessorImpl.java:45)
at java.base/java.lang.reflect.Constructor.newInstanceWithCaller(Constructor.java:500)
at java.base/java.lang.reflect.Constructor.newInstance(Constructor.java:481)
at org.openqa.selenium.remote.http.W3CHttpResponseCodec.createException(W3CHttpResponseCodec.java:187)
at org.openqa.selenium.remote.http.W3CHttpResponseCodec.decode(W3CHttpResponseCodec.java:122)
at org.openqa.selenium.remote.http.W3CHttpResponseCodec.decode(W3CHttpResponseCodec.java:49)
at org.openqa.selenium.remote.HttpCommandExecutor.execute(HttpCommandExecutor.java:158)
at org.openqa.selenium.remote.service.DriverCommandExecutor.execute(DriverCommandExecutor.java:83)
at org.openqa.selenium.remote.RemoteWebDriver.execute(RemoteWebDriver.java:552)
at org.openqa.selenium.remote.RemoteWebDriver.findElement(RemoteWebDriver.java:323)
at org.openqa.selenium.remote.RemoteWebDriver.findElementByXPath(RemoteWebDriver.java:428)
at org.openqa.selenium.By$ByXPath.findElement(By.java:353)
at org.openqa.selenium.remote.RemoteWebDriver.findElement(RemoteWebDriver.java:315)
at com.zoomev.redirectiontests.RedirectionTests.redirection(RedirectionTests.java:24)
at java.base/jdk.internal.reflect.NativeMethodAccessorImpl.invoke0(Native Method)
at java.base/jdk.internal.reflect.NativeMethodAccessorImpl.invoke(NativeMethodAccessorImpl.java:64)
at java.base/jdk.internal.reflect.DelegatingMethodAccessorImpl.invoke(DelegatingMethodAccessorImpl.java:43)
at java.base/java.lang.reflect.Method.invoke(Method.java:564)
at org.testng.internal.MethodInvocationHelper.invokeMethod(MethodInvocationHelper.java:132)
at org.testng.internal.TestInvoker.invokeMethod(TestInvoker.java:599)
at org.testng.internal.TestInvoker.invokeTestMethod(TestInvoker.java:174)
at org.testng.internal.MethodRunner.runInSequence(MethodRunner.java:46)
at org.testng.internal.TestInvoker$MethodInvocationAgent.invoke(TestInvoker.java:822)
at org.testng.internal.TestInvoker.invokeTestMethods(TestInvoker.java:147)
at org.testng.internal.TestMethodWorker.invokeTestMethods(TestMethodWorker.java:146)
at org.testng.internal.TestMethodWorker.run(TestMethodWorker.java:128)
at java.base/java.util.ArrayList.forEach(ArrayList.java:1511)
at org.testng.TestRunner.privateRun(TestRunner.java:764)
at org.testng.TestRunner.run(TestRunner.java:585)
at org.testng.SuiteRunner.runTest(SuiteRunner.java:384)
at org.testng.SuiteRunner.runSequentially(SuiteRunner.java:378)
at org.testng.SuiteRunner.privateRun(SuiteRunner.java:337)
at org.testng.SuiteRunner.run(SuiteRunner.java:286)
at org.testng.SuiteRunnerWorker.runSuite(SuiteRunnerWorker.java:53)
at org.testng.SuiteRunnerWorker.run(SuiteRunnerWorker.java:96)
at org.testng.TestNG.runSuitesSequentially(TestNG.java:1218)
at org.testng.TestNG.runSuitesLocally(TestNG.java:1140)
at org.testng.TestNG.runSuites(TestNG.java:1069)
at org.testng.TestNG.run(TestNG.java:1037)
at org.testng.remote.AbstractRemoteTestNG.run(AbstractRemoteTestNG.java:115)
at org.testng.remote.RemoteTestNG.initAndRun(RemoteTestNG.java:251)
at org.testng.remote.RemoteTestNG.main(RemoteTestNG.java:77)
]]>
            </full-stacktrace>
          </exception> <!-- org.openqa.selenium.NoSuchElementException -->
          <reporter-output>
          </reporter-output>
        </test-method> <!-- redirection -->
        <test-method is-config="true" signature="tearDown()[pri:0, instance:com.zoomev.redirectiontests.RedirectionTests@5a63f509]" started-at="2021-03-03T17:07:50 CET" name="tearDown" finished-at="2021-03-03T17:07:51 CET" duration-ms="682" status="PASS">
          <reporter-output>
          </reporter-output>
        </test-method> <!-- tearDown -->
      </class> <!-- com.zoomev.redirectiontests.RedirectionTests -->
    </test> <!-- redirectionsHomepageToLogin -->
    <test started-at="2021-03-03T17:07:51 CET" name="redirectionsRentToBenefits" finished-at="2021-03-03T17:07:59 CET" duration-ms="8482">
      <class name="com.zoomev.redirectiontests.RedirectionTests">
        <test-method is-config="true" signature="setUp(java.lang.String)[pri:0, instance:com.zoomev.redirectiontests.RedirectionTests@353d0772]" started-at="2021-03-03T17:07:51 CET" name="setUp" finished-at="2021-03-03T17:07:54 CET" duration-ms="3088" status="PASS">
          <params>
            <param index="0">
              <value>
                <![CDATA[chrome]]>
              </value>
            </param>
          </params>
          <reporter-output>
          </reporter-output>
        </test-method> <!-- setUp -->
        <test-method signature="redirection(java.lang.String, java.lang.String, java.lang.String, java.lang.String)[pri:0, instance:com.zoomev.redirectiontests.RedirectionTests@353d0772]" started-at="2021-03-03T17:07:54 CET" name="redirection" finished-at="2021-03-03T17:07:58 CET" duration-ms="4757" status="PASS">
          <params>
            <param index="0">
              <value>
                <![CDATA[https://dev.zoom-ev.com/rent-ev]]>
              </value>
            </param>
            <param index="1">
              <value>
                <![CDATA[https://dev.zoom-ev.com/ev-benefits]]>
              </value>
            </param>
            <param index="2">
              <value>
                <![CDATA[//a[contains(@class, 'StyledLinkstyled__Link-sc-1q9nco8-2') and text() = 'EV Benefits']]]>
              </value>
            </param>
            <param index="3">
              <value>
                <![CDATA[ZoomEV - EV Benefits]]>
              </value>
            </param>
          </params>
          <reporter-output>
          </reporter-output>
        </test-method> <!-- redirection -->
        <test-method is-config="true" signature="tearDown()[pri:0, instance:com.zoomev.redirectiontests.RedirectionTests@353d0772]" started-at="2021-03-03T17:07:58 CET" name="tearDown" finished-at="2021-03-03T17:07:59 CET" duration-ms="636" status="PASS">
          <reporter-output>
          </reporter-output>
        </test-method> <!-- tearDown -->
      </class> <!-- com.zoomev.redirectiontests.RedirectionTests -->
    </test> <!-- redirectionsRentToBenefits -->
    <test started-at="2021-03-03T17:07:59 CET" name="redirectionsRentToHomepage" finished-at="2021-03-03T17:08:07 CET" duration-ms="8347">
      <class name="com.zoomev.redirectiontests.RedirectionTests">
        <test-method is-config="true" signature="setUp(java.lang.String)[pri:0, instance:com.zoomev.redirectiontests.RedirectionTests@9225652]" started-at="2021-03-03T17:07:59 CET" name="setUp" finished-at="2021-03-03T17:08:02 CET" duration-ms="3062" status="PASS">
          <params>
            <param index="0">
              <value>
                <![CDATA[chrome]]>
              </value>
            </param>
          </params>
          <reporter-output>
          </reporter-output>
        </test-method> <!-- setUp -->
        <test-method signature="redirection(java.lang.String, java.lang.String, java.lang.String, java.lang.String)[pri:0, instance:com.zoomev.redirectiontests.RedirectionTests@9225652]" started-at="2021-03-03T17:08:02 CET" name="redirection" finished-at="2021-03-03T17:08:07 CET" duration-ms="4645" status="PASS">
          <params>
            <param index="0">
              <value>
                <![CDATA[https://dev.zoom-ev.com/rent-ev]]>
              </value>
            </param>
            <param index="1">
              <value>
                <![CDATA[https://dev.zoom-ev.com/]]>
              </value>
            </param>
            <param index="2">
              <value>
                <![CDATA[//img[@alt='zoom logo colour long']]]>
              </value>
            </param>
            <param index="3">
              <value>
                <![CDATA[ZoomEV - Home]]>
              </value>
            </param>
          </params>
          <reporter-output>
          </reporter-output>
        </test-method> <!-- redirection -->
        <test-method is-config="true" signature="tearDown()[pri:0, instance:com.zoomev.redirectiontests.RedirectionTests@9225652]" started-at="2021-03-03T17:08:07 CET" name="tearDown" finished-at="2021-03-03T17:08:07 CET" duration-ms="637" status="PASS">
          <reporter-output>
          </reporter-output>
        </test-method> <!-- tearDown -->
      </class> <!-- com.zoomev.redirectiontests.RedirectionTests -->
    </test> <!-- redirectionsRentToHomepage -->
    <test started-at="2021-03-03T17:08:07 CET" name="redirectionsRentToLend" finished-at="2021-03-03T17:08:17 CET" duration-ms="9202">
      <class name="com.zoomev.redirectiontests.RedirectionTests">
        <test-method is-config="true" signature="setUp(java.lang.String)[pri:0, instance:com.zoomev.redirectiontests.RedirectionTests@6a28ffa4]" started-at="2021-03-03T17:08:07 CET" name="setUp" finished-at="2021-03-03T17:08:10 CET" duration-ms="3122" status="PASS">
          <params>
            <param index="0">
              <value>
                <![CDATA[chrome]]>
              </value>
            </param>
          </params>
          <reporter-output>
          </reporter-output>
        </test-method> <!-- setUp -->
        <test-method signature="redirection(java.lang.String, java.lang.String, java.lang.String, java.lang.String)[pri:0, instance:com.zoomev.redirectiontests.RedirectionTests@6a28ffa4]" started-at="2021-03-03T17:08:10 CET" name="redirection" finished-at="2021-03-03T17:08:15 CET" duration-ms="4964" status="PASS">
          <params>
            <param index="0">
              <value>
                <![CDATA[https://dev.zoom-ev.com/rent-ev]]>
              </value>
            </param>
            <param index="1">
              <value>
                <![CDATA[https://dev.zoom-ev.com/lend-an-ev]]>
              </value>
            </param>
            <param index="2">
              <value>
                <![CDATA[//a[contains(@class, 'StyledLinkstyled__Link-sc-1q9nco8-2') and text() = 'Lend your EV']]]>
              </value>
            </param>
            <param index="3">
              <value>
                <![CDATA[ZoomEV - Lend an EV]]>
              </value>
            </param>
          </params>
          <reporter-output>
          </reporter-output>
        </test-method> <!-- redirection -->
        <test-method is-config="true" signature="tearDown()[pri:0, instance:com.zoomev.redirectiontests.RedirectionTests@6a28ffa4]" started-at="2021-03-03T17:08:15 CET" name="tearDown" finished-at="2021-03-03T17:08:17 CET" duration-ms="1115" status="PASS">
          <reporter-output>
          </reporter-output>
        </test-method> <!-- tearDown -->
      </class> <!-- com.zoomev.redirectiontests.RedirectionTests -->
    </test> <!-- redirectionsRentToLend -->
    <test started-at="2021-03-03T17:08:17 CET" name="redirectionsRentToAboutUs" finished-at="2021-03-03T17:08:25 CET" duration-ms="8496">
      <class name="com.zoomev.redirectiontests.RedirectionTests">
        <test-method is-config="true" signature="setUp(java.lang.String)[pri:0, instance:com.zoomev.redirectiontests.RedirectionTests@635eaaf1]" started-at="2021-03-03T17:08:17 CET" name="setUp" finished-at="2021-03-03T17:08:20 CET" duration-ms="3148" status="PASS">
          <params>
            <param index="0">
              <value>
                <![CDATA[chrome]]>
              </value>
            </param>
          </params>
          <reporter-output>
          </reporter-output>
        </test-method> <!-- setUp -->
        <test-method signature="redirection(java.lang.String, java.lang.String, java.lang.String, java.lang.String)[pri:0, instance:com.zoomev.redirectiontests.RedirectionTests@635eaaf1]" started-at="2021-03-03T17:08:20 CET" name="redirection" finished-at="2021-03-03T17:08:24 CET" duration-ms="4725" status="PASS">
          <params>
            <param index="0">
              <value>
                <![CDATA[https://dev.zoom-ev.com/rent-ev]]>
              </value>
            </param>
            <param index="1">
              <value>
                <![CDATA[https://dev.zoom-ev.com/about-us]]>
              </value>
            </param>
            <param index="2">
              <value>
                <![CDATA[//a[contains(@class, 'StyledLinkstyled__Link-sc-1q9nco8-2') and text() = 'About us']]]>
              </value>
            </param>
            <param index="3">
              <value>
                <![CDATA[ZoomEV - About us]]>
              </value>
            </param>
          </params>
          <reporter-output>
          </reporter-output>
        </test-method> <!-- redirection -->
        <test-method is-config="true" signature="tearDown()[pri:0, instance:com.zoomev.redirectiontests.RedirectionTests@635eaaf1]" started-at="2021-03-03T17:08:24 CET" name="tearDown" finished-at="2021-03-03T17:08:25 CET" duration-ms="622" status="PASS">
          <reporter-output>
          </reporter-output>
        </test-method> <!-- tearDown -->
      </class> <!-- com.zoomev.redirectiontests.RedirectionTests -->
    </test> <!-- redirectionsRentToAboutUs -->
    <test started-at="2021-03-03T17:08:25 CET" name="redirectionsRentToLogin" finished-at="2021-03-03T17:08:30 CET" duration-ms="5344">
      <class name="com.zoomev.redirectiontests.RedirectionTests">
        <test-method is-config="true" signature="setUp(java.lang.String)[pri:0, instance:com.zoomev.redirectiontests.RedirectionTests@636be97c]" started-at="2021-03-03T17:08:25 CET" name="setUp" finished-at="2021-03-03T17:08:28 CET" duration-ms="3153" status="PASS">
          <params>
            <param index="0">
              <value>
                <![CDATA[chrome]]>
              </value>
            </param>
          </params>
          <reporter-output>
          </reporter-output>
        </test-method> <!-- setUp -->
        <test-method signature="redirection(java.lang.String, java.lang.String, java.lang.String, java.lang.String)[pri:0, instance:com.zoomev.redirectiontests.RedirectionTests@636be97c]" started-at="2021-03-03T17:08:28 CET" name="redirection" finished-at="2021-03-03T17:08:30 CET" duration-ms="1565" status="FAIL">
          <params>
            <param index="0">
              <value>
                <![CDATA[https://dev.zoom-ev.com/rent-ev]]>
              </value>
            </param>
            <param index="1">
              <value>
                <![CDATA[https://dev.zoom-ev.com/auth/login]]>
              </value>
            </param>
            <param index="2">
              <value>
                <![CDATA[//a[contains(@class, 'Buttonstyled__StyledButton-bgtx2p-2') and text() = 'Register / Log in']]]>
              </value>
            </param>
            <param index="3">
              <value>
                <![CDATA[ZoomEV - Login]]>
              </value>
            </param>
          </params>
          <exception class="org.openqa.selenium.NoSuchElementException">
            <message>
              <![CDATA[no such element: Unable to locate element: {"method":"xpath","selector":"//a[contains(@class, 'Buttonstyled__StyledButton-bgtx2p-2') and text() = 'Register / Log in']"}
  (Session info: chrome=88.0.4324.190)
For documentation on this error, please visit: https://www.seleniumhq.org/exceptions/no_such_element.html
Build info: version: '3.141.59', revision: 'e82be7d358', time: '2018-11-14T08:17:03'
System info: host: 'DESKTOP-B4F1N8E', ip: '192.168.1.20', os.name: 'Windows 10', os.arch: 'amd64', os.version: '10.0', java.version: '15.0.1'
Driver info: org.openqa.selenium.chrome.ChromeDriver
Capabilities {acceptInsecureCerts: false, browserName: chrome, browserVersion: 88.0.4324.190, chrome: {chromedriverVersion: 87.0.4280.88 (89e2380a3e36c..., userDataDir: C:\Users\micha\AppData\Loca...}, goog:chromeOptions: {debuggerAddress: localhost:65092}, javascriptEnabled: true, networkConnectionEnabled: false, pageLoadStrategy: normal, platform: WINDOWS, platformName: WINDOWS, proxy: Proxy(), setWindowRect: true, strictFileInteractability: false, timeouts: {implicit: 0, pageLoad: 300000, script: 30000}, unhandledPromptBehavior: dismiss and notify, webauthn:virtualAuthenticators: true}
Session ID: aa30755fb627a8e200bbd84b03f07805
*** Element info: {Using=xpath, value=//a[contains(@class, 'Buttonstyled__StyledButton-bgtx2p-2') and text() = 'Register / Log in']}]]>
            </message>
            <full-stacktrace>
              <![CDATA[org.openqa.selenium.NoSuchElementException: no such element: Unable to locate element: {"method":"xpath","selector":"//a[contains(@class, 'Buttonstyled__StyledButton-bgtx2p-2') and text() = 'Register / Log in']"}
  (Session info: chrome=88.0.4324.190)
For documentation on this error, please visit: https://www.seleniumhq.org/exceptions/no_such_element.html
Build info: version: '3.141.59', revision: 'e82be7d358', time: '2018-11-14T08:17:03'
System info: host: 'DESKTOP-B4F1N8E', ip: '192.168.1.20', os.name: 'Windows 10', os.arch: 'amd64', os.version: '10.0', java.version: '15.0.1'
Driver info: org.openqa.selenium.chrome.ChromeDriver
Capabilities {acceptInsecureCerts: false, browserName: chrome, browserVersion: 88.0.4324.190, chrome: {chromedriverVersion: 87.0.4280.88 (89e2380a3e36c..., userDataDir: C:\Users\micha\AppData\Loca...}, goog:chromeOptions: {debuggerAddress: localhost:65092}, javascriptEnabled: true, networkConnectionEnabled: false, pageLoadStrategy: normal, platform: WINDOWS, platformName: WINDOWS, proxy: Proxy(), setWindowRect: true, strictFileInteractability: false, timeouts: {implicit: 0, pageLoad: 300000, script: 30000}, unhandledPromptBehavior: dismiss and notify, webauthn:virtualAuthenticators: true}
Session ID: aa30755fb627a8e200bbd84b03f07805
*** Element info: {Using=xpath, value=//a[contains(@class, 'Buttonstyled__StyledButton-bgtx2p-2') and text() = 'Register / Log in']}
at java.base/jdk.internal.reflect.NativeConstructorAccessorImpl.newInstance0(Native Method)
at java.base/jdk.internal.reflect.NativeConstructorAccessorImpl.newInstance(NativeConstructorAccessorImpl.java:64)
at java.base/jdk.internal.reflect.DelegatingConstructorAccessorImpl.newInstance(DelegatingConstructorAccessorImpl.java:45)
at java.base/java.lang.reflect.Constructor.newInstanceWithCaller(Constructor.java:500)
at java.base/java.lang.reflect.Constructor.newInstance(Constructor.java:481)
at org.openqa.selenium.remote.http.W3CHttpResponseCodec.createException(W3CHttpResponseCodec.java:187)
at org.openqa.selenium.remote.http.W3CHttpResponseCodec.decode(W3CHttpResponseCodec.java:122)
at org.openqa.selenium.remote.http.W3CHttpResponseCodec.decode(W3CHttpResponseCodec.java:49)
at org.openqa.selenium.remote.HttpCommandExecutor.execute(HttpCommandExecutor.java:158)
at org.openqa.selenium.remote.service.DriverCommandExecutor.execute(DriverCommandExecutor.java:83)
at org.openqa.selenium.remote.RemoteWebDriver.execute(RemoteWebDriver.java:552)
at org.openqa.selenium.remote.RemoteWebDriver.findElement(RemoteWebDriver.java:323)
at org.openqa.selenium.remote.RemoteWebDriver.findElementByXPath(RemoteWebDriver.java:428)
at org.openqa.selenium.By$ByXPath.findElement(By.java:353)
at org.openqa.selenium.remote.RemoteWebDriver.findElement(RemoteWebDriver.java:315)
at com.zoomev.redirectiontests.RedirectionTests.redirection(RedirectionTests.java:24)
at java.base/jdk.internal.reflect.NativeMethodAccessorImpl.invoke0(Native Method)
at java.base/jdk.internal.reflect.NativeMethodAccessorImpl.invoke(NativeMethodAccessorImpl.java:64)
at java.base/jdk.internal.reflect.DelegatingMethodAccessorImpl.invoke(DelegatingMethodAccessorImpl.java:43)
at java.base/java.lang.reflect.Method.invoke(Method.java:564)
at org.testng.internal.MethodInvocationHelper.invokeMethod(MethodInvocationHelper.java:132)
at org.testng.internal.TestInvoker.invokeMethod(TestInvoker.java:599)
at org.testng.internal.TestInvoker.invokeTestMethod(TestInvoker.java:174)
at org.testng.internal.MethodRunner.runInSequence(MethodRunner.java:46)
at org.testng.internal.TestInvoker$MethodInvocationAgent.invoke(TestInvoker.java:822)
at org.testng.internal.TestInvoker.invokeTestMethods(TestInvoker.java:147)
at org.testng.internal.TestMethodWorker.invokeTestMethods(TestMethodWorker.java:146)
at org.testng.internal.TestMethodWorker.run(TestMethodWorker.java:128)
at java.base/java.util.ArrayList.forEach(ArrayList.java:1511)
at org.testng.TestRunner.privateRun(TestRunner.java:764)
at org.testng.TestRunner.run(TestRunner.java:585)
at org.testng.SuiteRunner.runTest(SuiteRunner.java:384)
at org.testng.SuiteRunner.runSequentially(SuiteRunner.java:378)
at org.testng.SuiteRunner.privateRun(SuiteRunner.java:337)
at org.testng.SuiteRunner.run(SuiteRunner.java:286)
at org.testng.SuiteRunnerWorker.runSuite(SuiteRunnerWorker.java:53)
at org.testng.SuiteRunnerWorker.run(SuiteRunnerWorker.java:96)
at org.testng.TestNG.runSuitesSequentially(TestNG.java:1218)
at org.testng.TestNG.runSuitesLocally(TestNG.java:1140)
at org.testng.TestNG.runSuites(TestNG.java:1069)
at org.testng.TestNG.run(TestNG.java:1037)
at org.testng.remote.AbstractRemoteTestNG.run(AbstractRemoteTestNG.java:115)
at org.testng.remote.RemoteTestNG.initAndRun(RemoteTestNG.java:251)
at org.testng.remote.RemoteTestNG.main(RemoteTestNG.java:77)
]]>
            </full-stacktrace>
          </exception> <!-- org.openqa.selenium.NoSuchElementException -->
          <reporter-output>
          </reporter-output>
        </test-method> <!-- redirection -->
        <test-method is-config="true" signature="tearDown()[pri:0, instance:com.zoomev.redirectiontests.RedirectionTests@636be97c]" started-at="2021-03-03T17:08:30 CET" name="tearDown" finished-at="2021-03-03T17:08:30 CET" duration-ms="624" status="PASS">
          <reporter-output>
          </reporter-output>
        </test-method> <!-- tearDown -->
      </class> <!-- com.zoomev.redirectiontests.RedirectionTests -->
    </test> <!-- redirectionsRentToLogin -->
    <test started-at="2021-03-03T17:08:30 CET" name="redirectionsLendToBenefits" finished-at="2021-03-03T17:08:38 CET" duration-ms="7979">
      <class name="com.zoomev.redirectiontests.RedirectionTests">
        <test-method is-config="true" signature="setUp(java.lang.String)[pri:0, instance:com.zoomev.redirectiontests.RedirectionTests@4facf68f]" started-at="2021-03-03T17:08:30 CET" name="setUp" finished-at="2021-03-03T17:08:33 CET" duration-ms="3052" status="PASS">
          <params>
            <param index="0">
              <value>
                <![CDATA[chrome]]>
              </value>
            </param>
          </params>
          <reporter-output>
          </reporter-output>
        </test-method> <!-- setUp -->
        <test-method signature="redirection(java.lang.String, java.lang.String, java.lang.String, java.lang.String)[pri:0, instance:com.zoomev.redirectiontests.RedirectionTests@4facf68f]" started-at="2021-03-03T17:08:33 CET" name="redirection" finished-at="2021-03-03T17:08:38 CET" duration-ms="4318" status="PASS">
          <params>
            <param index="0">
              <value>
                <![CDATA[https://dev.zoom-ev.com/lend-an-ev]]>
              </value>
            </param>
            <param index="1">
              <value>
                <![CDATA[https://dev.zoom-ev.com/ev-benefits]]>
              </value>
            </param>
            <param index="2">
              <value>
                <![CDATA[//a[contains(@class, 'StyledLinkstyled__Link-sc-1q9nco8-2') and text() = 'EV Benefits']]]>
              </value>
            </param>
            <param index="3">
              <value>
                <![CDATA[ZoomEV - EV Benefits]]>
              </value>
            </param>
          </params>
          <reporter-output>
          </reporter-output>
        </test-method> <!-- redirection -->
        <test-method is-config="true" signature="tearDown()[pri:0, instance:com.zoomev.redirectiontests.RedirectionTests@4facf68f]" started-at="2021-03-03T17:08:38 CET" name="tearDown" finished-at="2021-03-03T17:08:38 CET" duration-ms="608" status="PASS">
          <reporter-output>
          </reporter-output>
        </test-method> <!-- tearDown -->
      </class> <!-- com.zoomev.redirectiontests.RedirectionTests -->
    </test> <!-- redirectionsLendToBenefits -->
    <test started-at="2021-03-03T17:08:38 CET" name="redirectionsLendToRent" finished-at="2021-03-03T17:08:47 CET" duration-ms="8615">
      <class name="com.zoomev.redirectiontests.RedirectionTests">
        <test-method is-config="true" signature="setUp(java.lang.String)[pri:0, instance:com.zoomev.redirectiontests.RedirectionTests@72f926e6]" started-at="2021-03-03T17:08:38 CET" name="setUp" finished-at="2021-03-03T17:08:42 CET" duration-ms="3152" status="PASS">
          <params>
            <param index="0">
              <value>
                <![CDATA[chrome]]>
              </value>
            </param>
          </params>
          <reporter-output>
          </reporter-output>
        </test-method> <!-- setUp -->
        <test-method signature="redirection(java.lang.String, java.lang.String, java.lang.String, java.lang.String)[pri:0, instance:com.zoomev.redirectiontests.RedirectionTests@72f926e6]" started-at="2021-03-03T17:08:42 CET" name="redirection" finished-at="2021-03-03T17:08:46 CET" duration-ms="4744" status="PASS">
          <params>
            <param index="0">
              <value>
                <![CDATA[https://dev.zoom-ev.com/lend-an-ev]]>
              </value>
            </param>
            <param index="1">
              <value>
                <![CDATA[https://dev.zoom-ev.com/rent-ev]]>
              </value>
            </param>
            <param index="2">
              <value>
                <![CDATA[//a[contains(@class, 'StyledLinkstyled__Link-sc-1q9nco8-2') and text() = 'Rent an EV']]]>
              </value>
            </param>
            <param index="3">
              <value>
                <![CDATA[ZoomEV - Rent EV]]>
              </value>
            </param>
          </params>
          <reporter-output>
          </reporter-output>
        </test-method> <!-- redirection -->
        <test-method is-config="true" signature="tearDown()[pri:0, instance:com.zoomev.redirectiontests.RedirectionTests@72f926e6]" started-at="2021-03-03T17:08:46 CET" name="tearDown" finished-at="2021-03-03T17:08:47 CET" duration-ms="717" status="PASS">
          <reporter-output>
          </reporter-output>
        </test-method> <!-- tearDown -->
      </class> <!-- com.zoomev.redirectiontests.RedirectionTests -->
    </test> <!-- redirectionsLendToRent -->
    <test started-at="2021-03-03T17:08:47 CET" name="redirectionsLendToHomepage" finished-at="2021-03-03T17:08:55 CET" duration-ms="7741">
      <class name="com.zoomev.redirectiontests.RedirectionTests">
        <test-method is-config="true" signature="setUp(java.lang.String)[pri:0, instance:com.zoomev.redirectiontests.RedirectionTests@7ed7259e]" started-at="2021-03-03T17:08:47 CET" name="setUp" finished-at="2021-03-03T17:08:50 CET" duration-ms="3053" status="PASS">
          <params>
            <param index="0">
              <value>
                <![CDATA[chrome]]>
              </value>
            </param>
          </params>
          <reporter-output>
          </reporter-output>
        </test-method> <!-- setUp -->
        <test-method signature="redirection(java.lang.String, java.lang.String, java.lang.String, java.lang.String)[pri:0, instance:com.zoomev.redirectiontests.RedirectionTests@7ed7259e]" started-at="2021-03-03T17:08:50 CET" name="redirection" finished-at="2021-03-03T17:08:54 CET" duration-ms="4064" status="PASS">
          <params>
            <param index="0">
              <value>
                <![CDATA[https://dev.zoom-ev.com/lend-an-ev]]>
              </value>
            </param>
            <param index="1">
              <value>
                <![CDATA[https://dev.zoom-ev.com/]]>
              </value>
            </param>
            <param index="2">
              <value>
                <![CDATA[//img[@alt='zoom logo colour long']]]>
              </value>
            </param>
            <param index="3">
              <value>
                <![CDATA[ZoomEV - Home]]>
              </value>
            </param>
          </params>
          <reporter-output>
          </reporter-output>
        </test-method> <!-- redirection -->
        <test-method is-config="true" signature="tearDown()[pri:0, instance:com.zoomev.redirectiontests.RedirectionTests@7ed7259e]" started-at="2021-03-03T17:08:54 CET" name="tearDown" finished-at="2021-03-03T17:08:55 CET" duration-ms="622" status="PASS">
          <reporter-output>
          </reporter-output>
        </test-method> <!-- tearDown -->
      </class> <!-- com.zoomev.redirectiontests.RedirectionTests -->
    </test> <!-- redirectionsLendToHomepage -->
    <test started-at="2021-03-03T17:08:55 CET" name="redirectionsLendToAboutUs" finished-at="2021-03-03T17:09:03 CET" duration-ms="8436">
      <class name="com.zoomev.redirectiontests.RedirectionTests">
        <test-method is-config="true" signature="setUp(java.lang.String)[pri:0, instance:com.zoomev.redirectiontests.RedirectionTests@c33b74f]" started-at="2021-03-03T17:08:55 CET" name="setUp" finished-at="2021-03-03T17:08:58 CET" duration-ms="3142" status="PASS">
          <params>
            <param index="0">
              <value>
                <![CDATA[chrome]]>
              </value>
            </param>
          </params>
          <reporter-output>
          </reporter-output>
        </test-method> <!-- setUp -->
        <test-method signature="redirection(java.lang.String, java.lang.String, java.lang.String, java.lang.String)[pri:0, instance:com.zoomev.redirectiontests.RedirectionTests@c33b74f]" started-at="2021-03-03T17:08:58 CET" name="redirection" finished-at="2021-03-03T17:09:03 CET" duration-ms="4672" status="PASS">
          <params>
            <param index="0">
              <value>
                <![CDATA[https://dev.zoom-ev.com/lend-an-ev]]>
              </value>
            </param>
            <param index="1">
              <value>
                <![CDATA[https://dev.zoom-ev.com/about-us]]>
              </value>
            </param>
            <param index="2">
              <value>
                <![CDATA[//a[contains(@class, 'StyledLinkstyled__Link-sc-1q9nco8-2') and text() = 'About us']]]>
              </value>
            </param>
            <param index="3">
              <value>
                <![CDATA[ZoomEV - About us]]>
              </value>
            </param>
          </params>
          <reporter-output>
          </reporter-output>
        </test-method> <!-- redirection -->
        <test-method is-config="true" signature="tearDown()[pri:0, instance:com.zoomev.redirectiontests.RedirectionTests@c33b74f]" started-at="2021-03-03T17:09:03 CET" name="tearDown" finished-at="2021-03-03T17:09:03 CET" duration-ms="620" status="PASS">
          <reporter-output>
          </reporter-output>
        </test-method> <!-- tearDown -->
      </class> <!-- com.zoomev.redirectiontests.RedirectionTests -->
    </test> <!-- redirectionsLendToAboutUs -->
    <test started-at="2021-03-03T17:09:03 CET" name="redirectionsLendToLogin" finished-at="2021-03-03T17:09:09 CET" duration-ms="5656">
      <class name="com.zoomev.redirectiontests.RedirectionTests">
        <test-method is-config="true" signature="setUp(java.lang.String)[pri:0, instance:com.zoomev.redirectiontests.RedirectionTests@2ef3eef9]" started-at="2021-03-03T17:09:03 CET" name="setUp" finished-at="2021-03-03T17:09:06 CET" duration-ms="3123" status="PASS">
          <params>
            <param index="0">
              <value>
                <![CDATA[chrome]]>
              </value>
            </param>
          </params>
          <reporter-output>
          </reporter-output>
        </test-method> <!-- setUp -->
        <test-method signature="redirection(java.lang.String, java.lang.String, java.lang.String, java.lang.String)[pri:0, instance:com.zoomev.redirectiontests.RedirectionTests@2ef3eef9]" started-at="2021-03-03T17:09:06 CET" name="redirection" finished-at="2021-03-03T17:09:08 CET" duration-ms="1621" status="FAIL">
          <params>
            <param index="0">
              <value>
                <![CDATA[https://dev.zoom-ev.com/lend-an-ev]]>
              </value>
            </param>
            <param index="1">
              <value>
                <![CDATA[https://dev.zoom-ev.com/auth/login]]>
              </value>
            </param>
            <param index="2">
              <value>
                <![CDATA[//a[contains(@class, 'Buttonstyled__StyledButton-bgtx2p-2') and text() = 'Register / Log in']]]>
              </value>
            </param>
            <param index="3">
              <value>
                <![CDATA[ZoomEV - Login]]>
              </value>
            </param>
          </params>
          <exception class="org.openqa.selenium.NoSuchElementException">
            <message>
              <![CDATA[no such element: Unable to locate element: {"method":"xpath","selector":"//a[contains(@class, 'Buttonstyled__StyledButton-bgtx2p-2') and text() = 'Register / Log in']"}
  (Session info: chrome=88.0.4324.190)
For documentation on this error, please visit: https://www.seleniumhq.org/exceptions/no_such_element.html
Build info: version: '3.141.59', revision: 'e82be7d358', time: '2018-11-14T08:17:03'
System info: host: 'DESKTOP-B4F1N8E', ip: '192.168.1.20', os.name: 'Windows 10', os.arch: 'amd64', os.version: '10.0', java.version: '15.0.1'
Driver info: org.openqa.selenium.chrome.ChromeDriver
Capabilities {acceptInsecureCerts: false, browserName: chrome, browserVersion: 88.0.4324.190, chrome: {chromedriverVersion: 87.0.4280.88 (89e2380a3e36c..., userDataDir: C:\Users\micha\AppData\Loca...}, goog:chromeOptions: {debuggerAddress: localhost:65279}, javascriptEnabled: true, networkConnectionEnabled: false, pageLoadStrategy: normal, platform: WINDOWS, platformName: WINDOWS, proxy: Proxy(), setWindowRect: true, strictFileInteractability: false, timeouts: {implicit: 0, pageLoad: 300000, script: 30000}, unhandledPromptBehavior: dismiss and notify, webauthn:virtualAuthenticators: true}
Session ID: 29c1e4045e73a1358477c1783e0d45d2
*** Element info: {Using=xpath, value=//a[contains(@class, 'Buttonstyled__StyledButton-bgtx2p-2') and text() = 'Register / Log in']}]]>
            </message>
            <full-stacktrace>
              <![CDATA[org.openqa.selenium.NoSuchElementException: no such element: Unable to locate element: {"method":"xpath","selector":"//a[contains(@class, 'Buttonstyled__StyledButton-bgtx2p-2') and text() = 'Register / Log in']"}
  (Session info: chrome=88.0.4324.190)
For documentation on this error, please visit: https://www.seleniumhq.org/exceptions/no_such_element.html
Build info: version: '3.141.59', revision: 'e82be7d358', time: '2018-11-14T08:17:03'
System info: host: 'DESKTOP-B4F1N8E', ip: '192.168.1.20', os.name: 'Windows 10', os.arch: 'amd64', os.version: '10.0', java.version: '15.0.1'
Driver info: org.openqa.selenium.chrome.ChromeDriver
Capabilities {acceptInsecureCerts: false, browserName: chrome, browserVersion: 88.0.4324.190, chrome: {chromedriverVersion: 87.0.4280.88 (89e2380a3e36c..., userDataDir: C:\Users\micha\AppData\Loca...}, goog:chromeOptions: {debuggerAddress: localhost:65279}, javascriptEnabled: true, networkConnectionEnabled: false, pageLoadStrategy: normal, platform: WINDOWS, platformName: WINDOWS, proxy: Proxy(), setWindowRect: true, strictFileInteractability: false, timeouts: {implicit: 0, pageLoad: 300000, script: 30000}, unhandledPromptBehavior: dismiss and notify, webauthn:virtualAuthenticators: true}
Session ID: 29c1e4045e73a1358477c1783e0d45d2
*** Element info: {Using=xpath, value=//a[contains(@class, 'Buttonstyled__StyledButton-bgtx2p-2') and text() = 'Register / Log in']}
at java.base/jdk.internal.reflect.NativeConstructorAccessorImpl.newInstance0(Native Method)
at java.base/jdk.internal.reflect.NativeConstructorAccessorImpl.newInstance(NativeConstructorAccessorImpl.java:64)
at java.base/jdk.internal.reflect.DelegatingConstructorAccessorImpl.newInstance(DelegatingConstructorAccessorImpl.java:45)
at java.base/java.lang.reflect.Constructor.newInstanceWithCaller(Constructor.java:500)
at java.base/java.lang.reflect.Constructor.newInstance(Constructor.java:481)
at org.openqa.selenium.remote.http.W3CHttpResponseCodec.createException(W3CHttpResponseCodec.java:187)
at org.openqa.selenium.remote.http.W3CHttpResponseCodec.decode(W3CHttpResponseCodec.java:122)
at org.openqa.selenium.remote.http.W3CHttpResponseCodec.decode(W3CHttpResponseCodec.java:49)
at org.openqa.selenium.remote.HttpCommandExecutor.execute(HttpCommandExecutor.java:158)
at org.openqa.selenium.remote.service.DriverCommandExecutor.execute(DriverCommandExecutor.java:83)
at org.openqa.selenium.remote.RemoteWebDriver.execute(RemoteWebDriver.java:552)
at org.openqa.selenium.remote.RemoteWebDriver.findElement(RemoteWebDriver.java:323)
at org.openqa.selenium.remote.RemoteWebDriver.findElementByXPath(RemoteWebDriver.java:428)
at org.openqa.selenium.By$ByXPath.findElement(By.java:353)
at org.openqa.selenium.remote.RemoteWebDriver.findElement(RemoteWebDriver.java:315)
at com.zoomev.redirectiontests.RedirectionTests.redirection(RedirectionTests.java:24)
at jdk.internal.reflect.GeneratedMethodAccessor2.invoke(Unknown Source)
at java.base/jdk.internal.reflect.DelegatingMethodAccessorImpl.invoke(DelegatingMethodAccessorImpl.java:43)
at java.base/java.lang.reflect.Method.invoke(Method.java:564)
at org.testng.internal.MethodInvocationHelper.invokeMethod(MethodInvocationHelper.java:132)
at org.testng.internal.TestInvoker.invokeMethod(TestInvoker.java:599)
at org.testng.internal.TestInvoker.invokeTestMethod(TestInvoker.java:174)
at org.testng.internal.MethodRunner.runInSequence(MethodRunner.java:46)
at org.testng.internal.TestInvoker$MethodInvocationAgent.invoke(TestInvoker.java:822)
at org.testng.internal.TestInvoker.invokeTestMethods(TestInvoker.java:147)
at org.testng.internal.TestMethodWorker.invokeTestMethods(TestMethodWorker.java:146)
at org.testng.internal.TestMethodWorker.run(TestMethodWorker.java:128)
at java.base/java.util.ArrayList.forEach(ArrayList.java:1511)
at org.testng.TestRunner.privateRun(TestRunner.java:764)
at org.testng.TestRunner.run(TestRunner.java:585)
at org.testng.SuiteRunner.runTest(SuiteRunner.java:384)
at org.testng.SuiteRunner.runSequentially(SuiteRunner.java:378)
at org.testng.SuiteRunner.privateRun(SuiteRunner.java:337)
at org.testng.SuiteRunner.run(SuiteRunner.java:286)
at org.testng.SuiteRunnerWorker.runSuite(SuiteRunnerWorker.java:53)
at org.testng.SuiteRunnerWorker.run(SuiteRunnerWorker.java:96)
at org.testng.TestNG.runSuitesSequentially(TestNG.java:1218)
at org.testng.TestNG.runSuitesLocally(TestNG.java:1140)
at org.testng.TestNG.runSuites(TestNG.java:1069)
at org.testng.TestNG.run(TestNG.java:1037)
at org.testng.remote.AbstractRemoteTestNG.run(AbstractRemoteTestNG.java:115)
at org.testng.remote.RemoteTestNG.initAndRun(RemoteTestNG.java:251)
at org.testng.remote.RemoteTestNG.main(RemoteTestNG.java:77)
]]>
            </full-stacktrace>
          </exception> <!-- org.openqa.selenium.NoSuchElementException -->
          <reporter-output>
          </reporter-output>
        </test-method> <!-- redirection -->
        <test-method is-config="true" signature="tearDown()[pri:0, instance:com.zoomev.redirectiontests.RedirectionTests@2ef3eef9]" started-at="2021-03-03T17:09:08 CET" name="tearDown" finished-at="2021-03-03T17:09:09 CET" duration-ms="910" status="PASS">
          <reporter-output>
          </reporter-output>
        </test-method> <!-- tearDown -->
      </class> <!-- com.zoomev.redirectiontests.RedirectionTests -->
    </test> <!-- redirectionsLendToLogin -->
  </suite> <!-- AllRedirectionTests -->
</testng-results>
