<?xml version="1.0" encoding="UTF-8"?>
<testng-results ignored="0" total="1" passed="1" failed="0" skipped="0">
  <reporter-output>
  </reporter-output>
  <suite started-at="2021-03-07T22:04:47 CET" name="SendingContactForm" finished-at="2021-03-07T22:04:55 CET" duration-ms="8090">
    <groups>
    </groups>
    <test started-at="2021-03-07T22:04:47 CET" name="redirectionsBenefitsToHomepage" finished-at="2021-03-07T22:04:55 CET" duration-ms="8090">
      <class name="com.zoomev.contactpage.SendingForm">
        <test-method is-config="true" signature="setUp(java.lang.String, org.testng.ITestContext)[pri:0, instance:com.zoomev.contactpage.SendingForm@51e5fc98]" started-at="2021-03-07T22:04:47 CET" name="setUp" finished-at="2021-03-07T22:04:51 CET" duration-ms="3751" status="PASS">
          <params>
            <param index="0">
              <value>
                <![CDATA[chrome]]>
              </value>
            </param>
            <param index="1">
              <value>
                <![CDATA[org.testng.TestRunner@7fa98a66]]>
              </value>
            </param>
          </params>
          <reporter-output>
          </reporter-output>
        </test-method> <!-- setUp -->
        <test-method signature="correctForm(java.lang.String, java.lang.String, java.lang.String, java.lang.String, java.lang.String)[pri:0, instance:com.zoomev.contactpage.SendingForm@51e5fc98]" started-at="2021-03-07T22:04:51 CET" name="correctForm" finished-at="2021-03-07T22:04:55 CET" duration-ms="3707" status="PASS">
          <params>
            <param index="0">
              <value>
                <![CDATA[https://dev.zoom-ev.com/contact]]>
              </value>
            </param>
            <param index="1">
              <value>
                <![CDATA[Automated Test]]>
              </value>
            </param>
            <param index="2">
              <value>
                <![CDATA[123456789]]>
              </value>
            </param>
            <param index="3">
              <value>
                <![CDATA[automatedest@test.com]]>
              </value>
            </param>
            <param index="4">
              <value>
                <![CDATA[This message is generated by automated test]]>
              </value>
            </param>
          </params>
          <reporter-output>
          </reporter-output>
        </test-method> <!-- correctForm -->
        <test-method is-config="true" signature="tearDown()[pri:0, instance:com.zoomev.contactpage.SendingForm@51e5fc98]" started-at="2021-03-07T22:04:55 CET" name="tearDown" finished-at="2021-03-07T22:04:55 CET" duration-ms="604" status="PASS">
          <reporter-output>
          </reporter-output>
        </test-method> <!-- tearDown -->
      </class> <!-- com.zoomev.contactpage.SendingForm -->
    </test> <!-- redirectionsBenefitsToHomepage -->
  </suite> <!-- SendingContactForm -->
</testng-results>
