<?xml version="1.0" encoding="UTF-8"?>
<!-- Generated by org.testng.reporters.JUnitXMLReporter -->
<testsuite ignored="0" hostname="DESKTOP-B4F1N8E" failures="0" tests="4" name="BenefitsRedirectionTests" time="34.275" errors="0" timestamp="2021-01-23T18:20:36 CET">
  <testcase classname="com.zoomev.BenefitsRedirectionTests" name="redirectionsBenefitsToAboutUs" time="8.643"/>
  <testcase classname="com.zoomev.BenefitsRedirectionTests" name="redirectionsBenefitsToHomepage" time="8.675"/>
  <testcase classname="com.zoomev.BenefitsRedirectionTests" name="redirectionsBenefitsToLend" time="8.933"/>
  <testcase classname="com.zoomev.BenefitsRedirectionTests" name="redirectionsBenefitsToRent" time="7.974"/>
</testsuite> <!-- BenefitsRedirectionTests -->
