<?xml version="1.0" encoding="UTF-8"?>
<!-- Generated by org.testng.reporters.JUnitXMLReporter -->
<testsuite ignored="0" hostname="DESKTOP-B4F1N8E" failures="0" tests="5" name="HomepageRedirectionTests" time="43.284" errors="0" timestamp="2021-01-23T18:21:20 CET">
  <testcase classname="com.zoomev.HomepageRedirectionTests" name="redirectionsHomepageFooterToRent" time="8.779"/>
  <testcase classname="com.zoomev.HomepageRedirectionTests" name="redirectionsHomepageToAboutUs" time="8.58"/>
  <testcase classname="com.zoomev.HomepageRedirectionTests" name="redirectionsHomepageToBenefits" time="8.748"/>
  <testcase classname="com.zoomev.HomepageRedirectionTests" name="redirectionsHomepageToLend" time="9.164"/>
  <testcase classname="com.zoomev.HomepageRedirectionTests" name="redirectionsHomepageToRent" time="8.006"/>
</testsuite> <!-- HomepageRedirectionTests -->
