<?xml version="1.0" encoding="UTF-8"?>
<!-- Generated by org.testng.reporters.JUnitXMLReporter -->
<testsuite ignored="0" hostname="DESKTOP-B4F1N8E" failures="1" tests="1" name="redirectionsLendToBenefits" time="9.073" errors="0" timestamp="2021-02-16T16:36:57 CET">
  <testcase classname="com.zoomev.RedirectionTests" name="redirection" time="4.801">
    <failure type="java.lang.AssertionError" message="Wrong URL! expected [https://dev.zoom-ev.com/about-us] but found [https://dev.zoom-ev.com/ev-benefits]">
      <![CDATA[java.lang.AssertionError: Wrong URL! expected [https://dev.zoom-ev.com/about-us] but found [https://dev.zoom-ev.com/ev-benefits]
at com.zoomev.RedirectionTests.redirection(RedirectionTests.java:63)
at java.base/java.util.ArrayList.forEach(ArrayList.java:1511)
... Removed 32 stack frames]]>
    </failure>
  </testcase> <!-- redirection -->
</testsuite> <!-- redirectionsLendToBenefits -->
